
2017-09-14-11.14.19.489345+540 I1A1433            LEVEL: Event
PID     : 59310258             TID  : 1           PROC : db2flacc
INSTANCE: db2i97               NODE : 000
EDUID   : 1
FUNCTION: DB2 UDB, RAS/PD component, pdLogInternal, probe:120
START   : New Diagnostic Log file
DATA #1 : Build Level, 152 bytes
Instance "db2i97" uses "64" bits and DB2 code release "SQL09074"
with level identifier "08050107".
Informational tokens are "DB2 v9.7.0.4", "s110330", "IP23236", Fix Pack "4".
DATA #2 : System Info, 224 bytes
System: AIX pilma01 1 6 00C2E6F44C00
CPU: total:4 online:4 Threading degree per core:2
Physical Memory(MB): total:7728 free:11
Virtual  Memory(MB): total:15920 free:4620
Swap     Memory(MB): total:8192 free:4609
Kernel   Params: msgMaxMessageSize:4194304 msgMaxQueueSize:4194304
                 shmMax:68719476736 shmMin:1 shmIDs:131072
                 shmSegments:68719476736 semIDs:131072 semNumPerID:65535
                 semOps:1024 semMaxVal:32767 semAdjustOnExit:16384
Cur cpu time limit (seconds)  = 0x7FFFFFFFFFFFFFFF
Cur file size limit (bytes) = 0x7FFFFFFFFFFFFFFF
Cur data size (bytes)  = 0x7FFFFFFFFFFFFFFF
Cur stack size (bytes)  = 0x0000000100000000
Cur core size (bytes)  = 0x00000000FFFFFFFF
Cur memory size (bytes) = 0x7FFFFFFFFFFFFFFF
nofiles (descriptors)  = 0x7FFFFFFFFFFFFFFF

Information in this record is only valid at the time when this file was
created (see this record's time stamp)

2017-09-14-11.14.19.462002+540 I1435A309          LEVEL: Event
PID     : 59310258             TID  : 1           PROC : db2flacc
INSTANCE: db2i97               NODE : 000
EDUID   : 1
FUNCTION: DB2 UDB, config/install, sqlfLogUpdateCfgParam, probe:30
CHANGE  : CFG DBM: "Sysadm_group" From: ""  To: "db2i97g" 

2017-09-14-11.14.19.635632+540 I1745A314          LEVEL: Event
PID     : 59310264             TID  : 1           PROC : db2flacc
INSTANCE: db2i97               NODE : 000
EDUID   : 1
FUNCTION: DB2 UDB, config/install, sqlfLogUpdateCfgParam, probe:30
CHANGE  : CFG DBM: "Cpuspeed" From: "0.000040"  To: "0.000000" 

2017-09-14-11.14.19.702595+540 I2060A321          LEVEL: Event
PID     : 59310266             TID  : 1           PROC : db2flacc
INSTANCE: db2i97               NODE : 000
EDUID   : 1
FUNCTION: DB2 UDB, config/install, sqlfLogUpdateCfgParam, probe:30
CHANGE  : CFG DBM: "Comm_bandwidth" From: "1.250000"  To: "-1.000000" 

2017-09-14-11.14.19.774567+540 I2382A306          LEVEL: Event
PID     : 62193904             TID  : 1           PROC : db2flacc
INSTANCE: db2i97               NODE : 000
EDUID   : 1
FUNCTION: DB2 UDB, config/install, sqlfLogUpdateCfgParam, probe:30
CHANGE  : CFG DBM: "Spm_name" From: ""  To: "pilma015" 

2017-09-14-11.14.19.834566+540 I2689A363          LEVEL: Event
PID     : 32440568             TID  : 1           PROC : db2flacc
INSTANCE: db2i97               NODE : 000
EDUID   : 1
FUNCTION: DB2 UDB, config/install, sqlfLogUpdateCfgParam, probe:30
CHANGE  : CFG DBM: "JDK_path" From: "/home/db2v2/sqllib/java/jdk64"  To: "/work1/home/db2i97/sqllib/java/jdk64" 

2017-09-14-11.14.19.904475+540 I3053A331          LEVEL: Event
PID     : 32440570             TID  : 1           PROC : db2flacc
INSTANCE: db2i97               NODE : 000
EDUID   : 1
FUNCTION: DB2 UDB, config/install, sqlfLogUpdateCfgParam, probe:30
CHANGE  : CFG DBM: "Diagpath" From: ""  To: "/work1/home/db2i97/sqllib/db2dump" 

2017-09-14-11.14.19.951578+540 I3385A308          LEVEL: Event
PID     : 32440572             TID  : 1           PROC : db2flacc
INSTANCE: db2i97               NODE : 000
EDUID   : 1
FUNCTION: DB2 UDB, config/install, sqlfLogUpdateCfgParam, probe:30
CHANGE  : CFG DBM: "Discover_comm" From: ""  To: "TCPIP" 

2017-09-14-15.46.53.712601+540 I3694A313          LEVEL: Event
PID     : 40501404             TID  : 1           PROC : db2start
INSTANCE: db2i97               NODE : 000
EDUID   : 1
FUNCTION: DB2 UDB, base sys utilities, sqleIssueStartStop, probe:21
DATA #1 : <preformatted>
Single node instance [0] is starting

2017-09-14-15.46.53.787935+540 I4008A1649         LEVEL: Event
PID     : 40501404             TID  : 1           PROC : db2start
INSTANCE: db2i97               NODE : 000
EDUID   : 1
FUNCTION: DB2 UDB, base sys utilities, sqleStartStopSingleNode, probe:1130
DATA #1 : String, 38 bytes
/work1/home/db2i97/sqllib/adm/db2star2
DATA #2 : Hexdump, 256 bytes
0x0FFFFFFFFFFF4DA0 : 2F77 6F72 6B31 2F68 6F6D 652F 6462 3269    /work1/home/db2i
0x0FFFFFFFFFFF4DB0 : 3937 2F73 716C 6C69 622F 6164 6D2F 6462    97/sqllib/adm/db
0x0FFFFFFFFFFF4DC0 : 3273 7461 7232 004E 4F4D 5347 0000 0000    2star2.NOMSG....
0x0FFFFFFFFFFF4DD0 : 0000 0000 0000 0000 0000 0000 0000 0000    ................
0x0FFFFFFFFFFF4DE0 : 0000 0000 0000 0000 0000 0000 0000 0000    ................
0x0FFFFFFFFFFF4DF0 : 0000 0000 0000 0000 0000 0000 0000 0000    ................
0x0FFFFFFFFFFF4E00 : 0000 0000 0000 0000 0000 0000 0000 0000    ................
0x0FFFFFFFFFFF4E10 : 0000 0000 0000 0000 0000 0000 0000 0000    ................
0x0FFFFFFFFFFF4E20 : 0000 0000 0000 0000 0000 0000 0000 0000    ................
0x0FFFFFFFFFFF4E30 : 0000 0000 0000 0000 0000 0000 0000 0000    ................
0x0FFFFFFFFFFF4E40 : 0000 0000 0000 0000 0000 0000 0000 0000    ................
0x0FFFFFFFFFFF4E50 : 0000 0000 0000 0000 0000 0000 0000 0000    ................
0x0FFFFFFFFFFF4E60 : 0000 0000 0000 0000 0000 0000 0000 0000    ................
0x0FFFFFFFFFFF4E70 : 0000 0000 0000 0000 0000 0000 0000 0000    ................
0x0FFFFFFFFFFF4E80 : 0000 0000 0000 0000 0000 0000 0000 0000    ................
0x0FFFFFFFFFFF4E90 : 0000 0000 0000 0000 0000 0000 0000 0000    ................

2017-09-14-15.46.54.202220+540 I5658A338          LEVEL: Event
PID     : 10486082             TID  : 1           PROC : db2star2
INSTANCE: db2i97               NODE : 000
EDUID   : 1
FUNCTION: DB2 UDB, config/install, sqlfLogUpdateCfgParam, probe:30
CHANGE  : CFG DBM: "Instance_memory" From: "20" <automatic>  To: "1640762" <automatic> 

2017-09-14-15.46.54.307239+540 E5997A1301         LEVEL: Event
PID     : 40435864             TID  : 258         PROC : db2sysc
INSTANCE: db2i97               NODE : 000
EDUID   : 258
FUNCTION: DB2 UDB, base sys utilities, DB2main, probe:1
START   : DB2 DBM
DATA #1 : Build Level, 152 bytes
Instance "db2i97" uses "64" bits and DB2 code release "SQL09074"
with level identifier "08050107".
Informational tokens are "DB2 v9.7.0.4", "s110330", "IP23236", Fix Pack "4".
DATA #2 : System Info, 224 bytes
System: AIX pilma01 1 6 00C2E6F44C00
CPU: total:4 online:4 Threading degree per core:2
Physical Memory(MB): total:7728 free:11
Virtual  Memory(MB): total:15920 free:4624
Swap     Memory(MB): total:8192 free:4613
Kernel   Params: msgMaxMessageSize:4194304 msgMaxQueueSize:4194304
                 shmMax:68719476736 shmMin:1 shmIDs:131072
                 shmSegments:68719476736 semIDs:131072 semNumPerID:65535
                 semOps:1024 semMaxVal:32767 semAdjustOnExit:16384
Cur cpu time limit (seconds)  = 0x7FFFFFFFFFFFFFFF
Cur file size limit (bytes) = 0x7FFFFFFFFFFFFFFF
Cur data size (bytes)  = 0x7FFFFFFFFFFFFFFF
Cur stack size (bytes)  = 0x0000000100000000
Cur core size (bytes)  = 0x00000000FFFFFFFF
Cur memory size (bytes) = 0x7FFFFFFFFFFFFFFF
nofiles (descriptors)  = 0x7FFFFFFFFFFFFFFF


2017-09-14-15.46.54.556530+540 I7299A531          LEVEL: Event
PID     : 37355632             TID  : 258         PROC : db2sysc 0
INSTANCE: db2i97               NODE : 000
EDUID   : 258                  EDUNAME: db2sysc 0
FUNCTION: DB2 UDB, fast comm manager, sqkfBufferManager::initBufferManager, probe:10
START   : Starting FCM Buffer Manager
1 resource group(s).
128 buffers allocated.
Maximum number of buffers supported is 8192.
Total buffer manager memory required for 1 logical and 0 fail-over partition(s) is 925712 bytes.

2017-09-14-15.46.54.567184+540 I7831A538          LEVEL: Event
PID     : 37355632             TID  : 258         PROC : db2sysc 0
INSTANCE: db2i97               NODE : 000
EDUID   : 258                  EDUNAME: db2sysc 0
FUNCTION: DB2 UDB, fast comm manager, sqkfChannelManager::initChannelManager, probe:10
START   : Starting FCM Channel Manager
1 resource group(s).
128 channels allocated.
Maximum number of channels supported is 8192.
Total channel manager memory required for 1 logical and 0 fail-over partitions(s) is 507928 bytes.

2017-09-14-15.46.54.567572+540 I8370A537          LEVEL: Event
PID     : 37355632             TID  : 258         PROC : db2sysc 0
INSTANCE: db2i97               NODE : 000
EDUID   : 258                  EDUNAME: db2sysc 0
FUNCTION: DB2 UDB, fast comm manager, sqkfSessionManager::initSessionManager, probe:10
START   : Starting FCM Session Manager
1 resource group(s).
128 sessions allocated.
Maximum number of sessions supported is 64000.
Total session manager memory required for 1 logical and 0 fail-over partitions is 1687552 bytes.

2017-09-14-15.46.54.568485+540 I8908A418          LEVEL: Event
PID     : 37355632             TID  : 258         PROC : db2sysc 0
INSTANCE: db2i97               NODE : 000
EDUID   : 258                  EDUNAME: db2sysc 0
FUNCTION: DB2 UDB, fast comm manager, sqlkf_init_allocate_shared, probe:500
START   : FCM infrastructure started
FCM running in non-shared mode; FCM parallelism degree: 1; comm protocol: TCP/IPv4

2017-09-14-15.46.57.115335+540 E9327A314          LEVEL: Event
PID     : 10486082             TID  : 1           PROC : db2star2
INSTANCE: db2i97               NODE : 000
EDUID   : 1
FUNCTION: DB2 UDB, base sys utilities, DB2StartMain, probe:911
MESSAGE : ADM7513W  Database manager has started.
START   : DB2 DBM

2017-09-14-15.47.04.266943+540 I9642A479          LEVEL: Event
PID     : 37355632             TID  : 1544        PROC : db2sysc 0
INSTANCE: db2i97               NODE : 000
APPHDL  : 0-7                  APPID: *LOCAL.db2i97.170914064702
AUTHID  : DB2I97  
EDUID   : 1544                 EDUNAME: db2agent (instance) 0
FUNCTION: DB2 UDB, config/install, sqlfLogUpdateCfgParam, probe:20
CHANGE  : CFG DB TDB     : "Database_memory" From: "20" <automatic>  To: "34704" <automatic> 

2017-09-14-15.47.04.504956+540 E10122A445         LEVEL: Event
PID     : 37355632             TID  : 1544        PROC : db2sysc 0
INSTANCE: db2i97               NODE : 000
APPHDL  : 0-7                  APPID: *LOCAL.db2i97.170914064702
AUTHID  : DB2I97  
EDUID   : 1544                 EDUNAME: db2agent (instance) 0
FUNCTION: DB2 UDB, base sys utilities, sqeLocalDatabase::FirstConnect, probe:1000
START   : DATABASE: TDB      : ACTIVATED: NO

2017-09-14-15.48.13.079206+540 E10568A444         LEVEL: Event
PID     : 37355632             TID  : 1544        PROC : db2sysc 0
INSTANCE: db2i97               NODE : 000
APPHDL  : 0-7                  APPID: *LOCAL.db2i97.170914064702
AUTHID  : DB2I97  
EDUID   : 1544                 EDUNAME: db2agent (idle) 0
FUNCTION: DB2 UDB, base sys utilities, sqeLocalDatabase::TermDbConnect, probe:2000
STOP    : DATABASE: TDB      : DEACTIVATED: NO

2017-09-14-15.48.13.700529+540 E11013A459         LEVEL: Event
PID     : 37355632             TID  : 1810        PROC : db2sysc 0
INSTANCE: db2i97               NODE : 000         DB   : TDB
APPHDL  : 0-8                  APPID: *LOCAL.db2i97.170914064813
AUTHID  : DB2I97  
EDUID   : 1810                 EDUNAME: db2agent (TDB) 0
FUNCTION: DB2 UDB, base sys utilities, sqeLocalDatabase::FirstConnect, probe:1000
START   : DATABASE: TDB      : ACTIVATED: NO

2017-09-14-15.50.35.744983+540 E11473A463         LEVEL: Event
PID     : 37355632             TID  : 1810        PROC : db2sysc 0
INSTANCE: db2i97               NODE : 000         DB   : TDB
APPHDL  : 0-8                  APPID: *LOCAL.db2i97.170914064813
AUTHID  : DB2I97  
EDUID   : 1810                 EDUNAME: db2agent (idle) 0
FUNCTION: DB2 UDB, base sys utilities, sqeLocalDatabase::TermDbConnect, probe:2000
STOP    : DATABASE: TDB      : DEACTIVATED: NO

2017-09-14-15.50.36.069434+540 E11937A459         LEVEL: Event
PID     : 37355632             TID  : 1810        PROC : db2sysc 0
INSTANCE: db2i97               NODE : 000         DB   : TDB
APPHDL  : 0-9                  APPID: *LOCAL.db2i97.170914065035
AUTHID  : DB2I97  
EDUID   : 1810                 EDUNAME: db2agent (TDB) 0
FUNCTION: DB2 UDB, base sys utilities, sqeLocalDatabase::FirstConnect, probe:1000
START   : DATABASE: TDB      : ACTIVATED: NO

2017-09-14-15.50.36.238757+540 E12397A458         LEVEL: Event
PID     : 37355632             TID  : 4647        PROC : db2sysc 0
INSTANCE: db2i97               NODE : 000         DB   : TDB
APPHDL  : 0-10                 APPID: *LOCAL.DB2.170914065036
AUTHID  : DB2I97  
EDUID   : 4647                 EDUNAME: db2stmm (TDB) 0
FUNCTION: DB2 UDB, Self tuning memory manager, stmmLog, probe:1028
DATA #1 : <preformatted>
Starting STMM log from file number 0 

2017-09-14-15.50.36.369556+540 E12856A528         LEVEL: Event
PID     : 37355632             TID  : 4647        PROC : db2sysc 0
INSTANCE: db2i97               NODE : 000         DB   : TDB
APPHDL  : 0-10                 APPID: *LOCAL.DB2.170914065036
AUTHID  : DB2I97  
EDUID   : 4647                 EDUNAME: db2stmm (TDB) 0
FUNCTION: DB2 UDB, Self tuning memory manager, stmmLogGetFileStats, probe:565
DATA #1 : <preformatted>
New STMM log file (/work1/home/db2i97/sqllib/db2dump/stmmlog/stmm.0.log) created automatically. 

2017-09-14-15.50.37.049121+540 I13385A405         LEVEL: Warning
PID     : 56492184             TID  : 1           PROC : db2fmp (1810) 0
INSTANCE: db2i97               NODE : 000
EDUID   : 1                    EDUNAME: db2fmp (1810) 0
FUNCTION: DB2 UDB, config/install, SmartGuide::compute, probe:13
DATA #1 : <preformatted>
CFG ADVIS: localMemoryPercentage 8.398361 New 8.398361 input.memoryPercent 25 

2017-09-14-15.50.37.157704+540 I13791A627         LEVEL: Warning
PID     : 56492184             TID  : 1           PROC : db2fmp (1810) 0
INSTANCE: db2i97               NODE : 000
EDUID   : 1                    EDUNAME: db2fmp (1810) 0
FUNCTION: DB2 UDB, config/install, SmartGuide::compute, probe:19
DATA #1 : <preformatted>
Memory Size: 7728 Mbs
Configured Memory: 7728 Mbs
Maximum Physical Memory Size: 8192 Mbs
Free Physical Memory: 331 Mbs
Available Free Physical Memory: 331 Mbs
Instance Memory Limit: 6410 Mbs
Memory Cap: 7484.826969 Mbs (based on 12 secs)
Previous Advisor Memory Size: 538 Mbs
Computed Memory: 165 Mbs

2017-09-14-15.50.37.189621+540 I14419A462         LEVEL: Event
PID     : 37355632             TID  : 1810        PROC : db2sysc 0
INSTANCE: db2i97               NODE : 000         DB   : TDB
APPHDL  : 0-9                  APPID: *LOCAL.db2i97.170914065035
AUTHID  : DB2I97  
EDUID   : 1810                 EDUNAME: db2agent (TDB) 0
FUNCTION: DB2 UDB, config/install, sqlfLogUpdateCfgParam, probe:20
CHANGE  : CFG DB TDB: "Catalogcache_sz" From: "-1"  To: "225" 

2017-09-14-15.50.37.189793+540 I14882A460         LEVEL: Event
PID     : 37355632             TID  : 1810        PROC : db2sysc 0
INSTANCE: db2i97               NODE : 000         DB   : TDB
APPHDL  : 0-9                  APPID: *LOCAL.db2i97.170914065035
AUTHID  : DB2I97  
EDUID   : 1810                 EDUNAME: db2agent (TDB) 0
FUNCTION: DB2 UDB, config/install, sqlfLogUpdateCfgParam, probe:20
CHANGE  : CFG DB TDB: "Chngpgs_thresh" From: "60"  To: "80" 

2017-09-14-15.50.37.189912+540 I15343A480         LEVEL: Event
PID     : 37355632             TID  : 1810        PROC : db2sysc 0
INSTANCE: db2i97               NODE : 000         DB   : TDB
APPHDL  : 0-9                  APPID: *LOCAL.db2i97.170914065035
AUTHID  : DB2I97  
EDUID   : 1810                 EDUNAME: db2agent (TDB) 0
FUNCTION: DB2 UDB, config/install, sqlfLogUpdateCfgParam, probe:20
CHANGE  : CFG DB TDB: "Dbheap" From: "1200" <automatic>  To: "1726" <automatic> 

2017-09-14-15.50.37.190033+540 I15824A470         LEVEL: Event
PID     : 37355632             TID  : 1810        PROC : db2sysc 0
INSTANCE: db2i97               NODE : 000         DB   : TDB
APPHDL  : 0-9                  APPID: *LOCAL.db2i97.170914065035
AUTHID  : DB2I97  
EDUID   : 1810                 EDUNAME: db2agent (TDB) 0
FUNCTION: DB2 UDB, config/install, sqlfLogUpdateCfgParam, probe:20
CHANGE  : CFG DB TDB: "Locklist" From: "4096"  To: "4659" <automatic> 

2017-09-14-15.50.37.190153+540 I16295A459         LEVEL: Event
PID     : 37355632             TID  : 1810        PROC : db2sysc 0
INSTANCE: db2i97               NODE : 000         DB   : TDB
APPHDL  : 0-9                  APPID: *LOCAL.db2i97.170914065035
AUTHID  : DB2I97  
EDUID   : 1810                 EDUNAME: db2agent (TDB) 0
FUNCTION: DB2 UDB, config/install, sqlfLogUpdateCfgParam, probe:20
CHANGE  : CFG DB TDB: "Logfilsiz" From: "1000"  To: "1024" 
