ALLUSERSPROFILE=C:\ProgramData
APPDATA=C:\Users\??\AppData\Roaming
asl.log=Destination=file
CLASSPATH=C:\JDBC;C:\JDBC;.;C:\Program Files\IBM\SQLLIB\java\db2java.zip;C:\Program Files\IBM\SQLLIB\java\db2jcc.jar;C:\Program Files\IBM\SQLLIB\java\sqlj.zip;C:\Program Files\IBM\SQLLIB\java\db2jcc_license_cu.jar;C:\Program Files\IBM\SQLLIB\BIN;C:\Program Files\IBM\SQLLIB\java\Common.jar
CMAPDIR=C:\Program Files (x86)\ePapyrus\Papyrus-PlugIn-ntas\CMap
CommonProgramFiles=C:\Program Files\Common Files
CommonProgramFiles(x86)=C:\Program Files (x86)\Common Files
CommonProgramW6432=C:\Program Files\Common Files
COMPUTERNAME=HDKWON
ComSpec=C:\WINDOWS\system32\cmd.exe
configsetroot=C:\WINDOWS\ConfigSetRoot
DB2INSTANCE=DB2
DriverData=C:\Windows\System32\Drivers\DriverData
FP_NO_HOST_CHECK=NO
HOMEDRIVE=C:
HOMEPATH=\Users\??
INCLUDE=C:\Program Files\IBM\SQLLIB\include;C:\Program Files\IBM\SQLLIB\lib
JAVA_HOME=C:\Program Files\Java\jdk1.8.0_25
JRE_HOME=C:\Program Files (x86)\Java\jre1.8.0_161
LIB=;C:\Program Files\IBM\SQLLIB\lib
LOCALAPPDATA=C:\Users\??\AppData\Local
LOGONSERVER=\\HDKWON
MOZ_DISABLE_OOP_PLUGINS=1
NUMBER_OF_PROCESSORS=4
OneDrive=C:\Users\??\OneDrive
OS=Windows_NT
Path=C:\Program Files (x86)\Intel\iCLS Client\;C:\Program Files\Intel\iCLS Client\;C:\Program Files\Java\jdk1.8.0_25\bin;C:\app\oracle\product\11.2.0\client_1\BIN;C:\Program Files (x86)\Wizvera\Delfino;C:\Python27\;C:\Python27\Scripts;C:\Users\??\Documents\?;C:\Windows\System32;C:\Windows;C:\Windows\System32\wbem;C:\Windows\System32\WindowsPowerShell\v1.0\;C:\ProgramData\Lenovo\ReadyApps;C:\Program Files (x86)\Windows Live\Shared;C:\Program Files (x86)\CloudFoundry;C:\Program Files (x86)\ePapyrus\Papyrus-PlugIn-ntas;C:\Program Files (x86)\ePapyrus\Papyrus-PlugIn-ntas\Addins;C:\Program Files\IBM\SQLLIB\BIN;C:\Program Files\IBM\SQLLIB\FUNCTION;C:\Program Files\IBM\SQLLIB\samples\repl;C:\Program Files\nodejs\;C:\Program Files (x86)\Windows Kits\10\Windows Performance Toolkit\;C:\Strawberry\c\bin;C:\Strawberry\perl\site\bin;C:\Strawberry\perl\bin;C:\Program Files\MacType;C:\Program Files\Intel\WiFi\bin\;C:\Program Files\Common Files\Intel\WirelessCommon\;C:\Program Files (x86)\Intel\Intel(R) Management Engine Components\DAL;C:\Program Files\Intel\Intel(R) Management Engine Components\DAL;C:\Program Files (x86)\Intel\Intel(R) Management Engine Components\IPT;C:\Program Files\Intel\Intel(R) Management Engine Components\IPT;C:\WINDOWS\system32;C:\WINDOWS;C:\WINDOWS\System32\Wbem;C:\WINDOWS\System32\WindowsPowerShell\v1.0\;C:\WINDOWS\System32\OpenSSH\;C:\Users\??\AppData\Roaming\npm;C:\Users\??\AppData\Local\Microsoft\WindowsApps;C:\Program Files\Intel\WiFi\bin\;C:\Program Files\Common Files\Intel\WirelessCommon\;
PATHEXT=.COM;.EXE;.BAT;.CMD;.VBS;.VBE;.JS;.JSE;.WSF;.WSH;.MSC;.PY
PROCESSOR_ARCHITECTURE=AMD64
PROCESSOR_IDENTIFIER=Intel64 Family 6 Model 69 Stepping 1, GenuineIntel
PROCESSOR_LEVEL=6
PROCESSOR_REVISION=4501
ProgramData=C:\ProgramData
ProgramFiles=C:\Program Files
ProgramFiles(x86)=C:\Program Files (x86)
ProgramW6432=C:\Program Files
PROMPT=$P$G
PSModulePath=C:\WINDOWS\system32\WindowsPowerShell\v1.0\Modules\
PUBLIC=C:\Users\Public
READYAPPS=C:\ProgramData\Lenovo\ReadyApps
SESSIONNAME=Console
SystemDrive=C:
SystemRoot=C:\WINDOWS
TEMP=C:\Users\FAE3~1\AppData\Local\Temp
TMP=C:\Users\FAE3~1\AppData\Local\Temp
TVT=C:\Program Files (x86)\Lenovo
USERDOMAIN=HDKWON
USERDOMAIN_ROAMINGPROFILE=HDKWON
USERNAME=hdkwon
USERPROFILE=C:\Users\??
windir=C:\WINDOWS
